<?xml version="1.0" encoding="UTF-8"?>
<!-- Generated by org.testng.reporters.JUnitXMLReporter -->
<testsuite hostname="L-156180933" ignored="3" name="ADDSubtract" tests="5" failures="0" timestamp="2020-10-10T13:20:58 IST" time="0.108" errors="0">
  <testcase name="add" time="0.015" classname="testNg.DemoProgram"/>
  <testcase name="dataProvider" time="0.002" classname="testNg.DemoProgram"/>
  <testcase name="dataProvider" time="0.002" classname="testNg.DemoProgram"/>
  <testcase name="dataProvider" time="0.003" classname="testNg.DemoProgram"/>
  <testcase name="subtract" time="0.005" classname="testNg.DemoProgram"/>
  <testcase name="MobileSignin" time="0.0" classname="testNg.DemoProgram4">
    <ignored/>
  </testcase> <!-- MobileSignin -->
  <testcase name="MobileLogin" time="0.0" classname="testNg.DemoProgram4">
    <ignored/>
  </testcase> <!-- MobileLogin -->
  <testcase name="MobileSignout" time="0.0" classname="testNg.DemoProgram4">
    <ignored/>
  </testcase> <!-- MobileSignout -->
</testsuite> <!-- ADDSubtract -->
