<?xml version="1.0" encoding="UTF-8"?>
<!-- Generated by org.testng.reporters.JUnitXMLReporter -->
<testsuite hostname="L-156180933" ignored="5" name="Test" tests="3" failures="0" timestamp="2020-10-04T13:28:26 IST" time="0.17" errors="0">
  <testcase name="division" time="0.024" classname="testNg.DemoProgram2"/>
  <testcase name="arithmetic" time="0.002" classname="testNg.DemoProgram3"/>
  <testcase name="MobileSignin" time="0.004" classname="testNg.DemoProgram4"/>
  <testcase name="subtract" time="0.0" classname="testNg.DemoProgram">
    <ignored/>
  </testcase> <!-- subtract -->
  <testcase name="modulo" time="0.0" classname="testNg.DemoProgram3">
    <ignored/>
  </testcase> <!-- modulo -->
  <testcase name="MobileLogin" time="0.0" classname="testNg.DemoProgram4">
    <ignored/>
  </testcase> <!-- MobileLogin -->
  <testcase name="add" time="0.0" classname="testNg.DemoProgram">
    <ignored/>
  </testcase> <!-- add -->
  <testcase name="multiply" time="0.0" classname="testNg.DemoProgram2">
    <ignored/>
  </testcase> <!-- multiply -->
</testsuite> <!-- Test -->
